1 [687212672] INFO perfrun.launcher <> - Launcher main begin
7 [687212672] INFO perfrun.launcher <> - MessageCatalogInit finished
7 [687212672] INFO perfrun.launcher <> - Launcher instance created
7 [687212672] INFO perfrun.launcher <> - argc = 6; cmdline = /opt/software/intel/oneapi/vtune/2024.2/bin32/amplxe-runss -dump-vdso -r /tmp/amplxe-tmp-pp24s036/amplxe-res-3175371-9247962289117767 --tmp-dir /tmp/amplxe-tmp-pp24s036 
51 [687212672] INFO perfrun.launcher <> - create msngr2::ICliToolContext
52 [687212672] INFO perfrun.launcher <> - create file finder object
84 [686459712] INFO perfrun.launcher <> - plugin [remoteplug] was disabled because it doesn't support the given collection type.
84 [686459712] INFO perfrun.launcher <> - plugin [] was disabled because it doesn't support the given collection type.
84 [686459712] INFO perfrun.vdso <> - dumping [vdso] pseudomodule
84 [686459712] INFO perfrun.launcher <> - plugin [] was disabled because it doesn't support the given collection type.
84 [686459712] INFO perfrun.launcher <> - plugin [] was disabled because it doesn't support the given collection type.
84 [686459712] INFO perfrun.launcher <> - plugin [] was disabled because it doesn't support the given collection type.
84 [686459712] INFO perfrun.launcher <> - plugin [] was disabled because it doesn't support the given collection type.
84 [686459712] INFO perfrun.launcher <> - plugin [] was disabled because it doesn't support the given collection type.
84 [686459712] INFO perfrun.launcher <> - plugin [] was disabled because it doesn't support the given collection type.
84 [686459712] INFO perfrun.launcher <> - plugin [] was disabled because it doesn't support the given collection type.
84 [686459712] INFO perfrun.launcher <> - plugin [] was disabled because it doesn't support the given collection type.
84 [686459712] INFO perfrun.launcher <> - plugin [] was disabled because it doesn't support the given collection type.
84 [686459712] INFO perfrun.launcher <> - plugin [] was disabled because it doesn't support the given collection type.
84 [686459712] INFO perfrun.launcher <> - plugin [] was disabled because it doesn't support the given collection type.
84 [686459712] INFO perfrun.launcher <> - plugin [] was disabled because it doesn't support the given collection type.
84 [686459712] INFO perfrun.launcher <> - plugin [] was disabled because it doesn't support the given collection type.
84 [686459712] INFO perfrun.launcher <> - plugin [] was disabled because it doesn't support the given collection type.
84 [686459712] INFO perfrun.launcher <> - plugin [] was disabled because it doesn't support the given collection type.
84 [686459712] INFO perfrun.launcher <> - plugin [] was disabled because it doesn't support the given collection type.
84 [686459712] INFO perfrun.launcher <> - plugin [] was disabled because it doesn't support the given collection type.
84 [686459712] INFO perfrun.launcher <> - plugin [] was disabled because it doesn't support the given collection type.
84 [686459712] INFO perfrun.launcher <> - plugin [] was disabled because it doesn't support the given collection type.
84 [686459712] INFO perfrun.launcher <> - plugin [] was disabled because it doesn't support the given collection type.
84 [686459712] INFO perfrun.launcher <> - plugin [] was disabled because it doesn't support the given collection type.
84 [686459712] INFO perfrun.launcher <> - plugin [] was disabled because it doesn't support the given collection type.
84 [686459712] INFO perfrun.launcher <> - plugin [] was disabled because it doesn't support the given collection type.
84 [686459712] INFO perfrun.launcher <> - plugin [] was disabled because it doesn't support the given collection type.
84 [687212672] INFO perfrun.launcher <> - Application exit code: 0
85 [687212672] INFO perfrun.launcher <> - Exit code: 0
