3 [23250861009216] INFO perfrun.launcher <> - Launcher main begin
10 [23250861009216] INFO perfrun.launcher <> - MessageCatalogInit finished
10 [23250861009216] INFO perfrun.launcher <> - Launcher instance created
10 [23250861009216] INFO perfrun.launcher <> - argc = 6; cmdline = /opt/software/intel/oneapi/vtune/2024.2/bin64/amplxe-runss -dump-vdso -r /tmp/amplxe-tmp-pp24s036/amplxe-res-3175512-9248188561168917 --tmp-dir /tmp/amplxe-tmp-pp24s036 
51 [23250861009216] INFO perfrun.perfcollector <> - SEP tool path: /opt/software/intel/oneapi/vtune/2024.2/bin64/sep
55 [23250861009216] INFO perfrun.launcher <> - create msngr2::ICliToolContext
55 [23250861009216] INFO perfrun.launcher <> - create file finder object
64 [23250711078592] INFO perfrun.launcher <> - plugin [remoteplug] was disabled because it doesn't support the given collection type.
64 [23250711078592] INFO perfrun.launcher <> - plugin [system] was disabled because it doesn't support the given collection type.
64 [23250711078592] INFO perfrun.vdso <> - dumping [vdso] pseudomodule
65 [23250711078592] INFO perfrun.launcher <> - plugin [itt] was disabled because it doesn't support the given collection type.
65 [23250711078592] INFO perfrun.launcher <> - plugin [ptracecollector] was disabled because it doesn't support the given collection type.
65 [23250711078592] INFO perfrun.launcher <> - plugin [gpu] was disabled because it doesn't support the given collection type.
65 [23250711078592] INFO perfrun.launcher <> - plugin [] was disabled because it doesn't support the given collection type.
65 [23250711078592] INFO perfrun.launcher <> - plugin [] was disabled because it doesn't support the given collection type.
65 [23250711078592] INFO perfrun.launcher <> - plugin [] was disabled because it doesn't support the given collection type.
65 [23250711078592] INFO perfrun.launcher <> - plugin [mrte] was disabled because it doesn't support the given collection type.
65 [23250711078592] INFO perfrun.launcher <> - plugin [emon] was disabled because it doesn't support the given collection type.
65 [23250711078592] INFO perfrun.launcher <> - plugin [cuscol] was disabled because it doesn't support the given collection type.
65 [23250711078592] INFO perfrun.launcher <> - plugin [stdsrc] was disabled because it doesn't support the given collection type.
65 [23250711078592] INFO perfrun.launcher <> - plugin [sep] was disabled because it doesn't support the given collection type.
65 [23250711078592] INFO perfrun.launcher <> - plugin [vtsspp] was disabled because it doesn't support the given collection type.
65 [23250711078592] INFO perfrun.launcher <> - plugin [perf] was disabled because it doesn't support the given collection type.
65 [23250711078592] INFO perfrun.launcher <> - plugin [aoclprofile] was disabled because it doesn't support the given collection type.
65 [23250711078592] INFO perfrun.launcher <> - plugin [tpss] was disabled because it doesn't support the given collection type.
65 [23250711078592] INFO perfrun.launcher <> - plugin [media] was disabled because it doesn't support the given collection type.
65 [23250711078592] INFO perfrun.launcher <> - plugin [] was disabled because it doesn't support the given collection type.
65 [23250711078592] INFO perfrun.launcher <> - plugin [] was disabled because it doesn't support the given collection type.
65 [23250711078592] INFO perfrun.launcher <> - plugin [parallelfs] was disabled because it doesn't support the given collection type.
65 [23250711078592] INFO perfrun.launcher <> - plugin [power] was disabled because it doesn't support the given collection type.
65 [23250711078592] INFO perfrun.launcher <> - plugin [] was disabled because it doesn't support the given collection type.
65 [23250711078592] INFO perfrun.launcher <> - plugin [ipmwatch] was disabled because it doesn't support the given collection type.
65 [23250711078592] INFO perfrun.launcher <> - plugin [os_counters] was disabled because it doesn't support the given collection type.
65 [23250711078592] INFO perfrun.launcher <> - plugin [l0_metrics] was disabled because it doesn't support the given collection type.
65 [23250861009216] INFO perfrun.launcher <> - Application exit code: 0
65 [23250861009216] INFO perfrun.launcher <> - Exit code: 0
