1 [687147136] INFO perfrun.launcher <> - Launcher main begin
9 [687147136] INFO perfrun.launcher <> - MessageCatalogInit finished
9 [687147136] INFO perfrun.launcher <> - Launcher instance created
9 [687147136] INFO perfrun.launcher <> - argc = 6; cmdline = /opt/software/intel/oneapi/vtune/2024.2/bin32/amplxe-runss -dump-vdso -r /tmp/amplxe-tmp-pp24s036/amplxe-res-3175512-9248188561168917 --tmp-dir /tmp/amplxe-tmp-pp24s036 
54 [687147136] INFO perfrun.launcher <> - create msngr2::ICliToolContext
54 [687147136] INFO perfrun.launcher <> - create file finder object
87 [686394176] INFO perfrun.launcher <> - plugin [remoteplug] was disabled because it doesn't support the given collection type.
87 [686394176] INFO perfrun.launcher <> - plugin [] was disabled because it doesn't support the given collection type.
87 [686394176] INFO perfrun.vdso <> - dumping [vdso] pseudomodule
88 [686394176] INFO perfrun.launcher <> - plugin [] was disabled because it doesn't support the given collection type.
88 [686394176] INFO perfrun.launcher <> - plugin [] was disabled because it doesn't support the given collection type.
88 [686394176] INFO perfrun.launcher <> - plugin [] was disabled because it doesn't support the given collection type.
88 [686394176] INFO perfrun.launcher <> - plugin [] was disabled because it doesn't support the given collection type.
88 [686394176] INFO perfrun.launcher <> - plugin [] was disabled because it doesn't support the given collection type.
88 [686394176] INFO perfrun.launcher <> - plugin [] was disabled because it doesn't support the given collection type.
88 [686394176] INFO perfrun.launcher <> - plugin [] was disabled because it doesn't support the given collection type.
88 [686394176] INFO perfrun.launcher <> - plugin [] was disabled because it doesn't support the given collection type.
88 [686394176] INFO perfrun.launcher <> - plugin [] was disabled because it doesn't support the given collection type.
88 [686394176] INFO perfrun.launcher <> - plugin [] was disabled because it doesn't support the given collection type.
88 [686394176] INFO perfrun.launcher <> - plugin [] was disabled because it doesn't support the given collection type.
88 [686394176] INFO perfrun.launcher <> - plugin [] was disabled because it doesn't support the given collection type.
88 [686394176] INFO perfrun.launcher <> - plugin [] was disabled because it doesn't support the given collection type.
88 [686394176] INFO perfrun.launcher <> - plugin [] was disabled because it doesn't support the given collection type.
88 [686394176] INFO perfrun.launcher <> - plugin [] was disabled because it doesn't support the given collection type.
88 [686394176] INFO perfrun.launcher <> - plugin [] was disabled because it doesn't support the given collection type.
88 [686394176] INFO perfrun.launcher <> - plugin [] was disabled because it doesn't support the given collection type.
88 [686394176] INFO perfrun.launcher <> - plugin [] was disabled because it doesn't support the given collection type.
88 [686394176] INFO perfrun.launcher <> - plugin [] was disabled because it doesn't support the given collection type.
88 [686394176] INFO perfrun.launcher <> - plugin [] was disabled because it doesn't support the given collection type.
88 [686394176] INFO perfrun.launcher <> - plugin [] was disabled because it doesn't support the given collection type.
88 [686394176] INFO perfrun.launcher <> - plugin [] was disabled because it doesn't support the given collection type.
88 [686394176] INFO perfrun.launcher <> - plugin [] was disabled because it doesn't support the given collection type.
88 [686394176] INFO perfrun.launcher <> - plugin [] was disabled because it doesn't support the given collection type.
88 [687147136] INFO perfrun.launcher <> - Application exit code: 0
88 [687147136] INFO perfrun.launcher <> - Exit code: 0
