3 [22936263633216] INFO perfrun.launcher <> - Launcher main begin
11 [22936263633216] INFO perfrun.launcher <> - MessageCatalogInit finished
11 [22936263633216] INFO perfrun.launcher <> - Launcher instance created
11 [22936263633216] INFO perfrun.launcher <> - argc = 6; cmdline = /opt/software/intel/oneapi/vtune/2024.2/bin64/amplxe-runss -dump-vdso -r /tmp/amplxe-tmp-pp24s036/amplxe-res-3181549-9381846710194517 --tmp-dir /tmp/amplxe-tmp-pp24s036 
54 [22936263633216] INFO perfrun.perfcollector <> - SEP tool path: /opt/software/intel/oneapi/vtune/2024.2/bin64/sep
58 [22936263633216] INFO perfrun.launcher <> - create msngr2::ICliToolContext
58 [22936263633216] INFO perfrun.launcher <> - create file finder object
67 [22936121501376] INFO perfrun.launcher <> - plugin [remoteplug] was disabled because it doesn't support the given collection type.
67 [22936121501376] INFO perfrun.launcher <> - plugin [system] was disabled because it doesn't support the given collection type.
67 [22936121501376] INFO perfrun.vdso <> - dumping [vdso] pseudomodule
67 [22936121501376] INFO perfrun.launcher <> - plugin [itt] was disabled because it doesn't support the given collection type.
67 [22936121501376] INFO perfrun.launcher <> - plugin [ptracecollector] was disabled because it doesn't support the given collection type.
67 [22936121501376] INFO perfrun.launcher <> - plugin [gpu] was disabled because it doesn't support the given collection type.
67 [22936121501376] INFO perfrun.launcher <> - plugin [] was disabled because it doesn't support the given collection type.
67 [22936121501376] INFO perfrun.launcher <> - plugin [] was disabled because it doesn't support the given collection type.
67 [22936121501376] INFO perfrun.launcher <> - plugin [] was disabled because it doesn't support the given collection type.
67 [22936121501376] INFO perfrun.launcher <> - plugin [mrte] was disabled because it doesn't support the given collection type.
67 [22936121501376] INFO perfrun.launcher <> - plugin [emon] was disabled because it doesn't support the given collection type.
67 [22936121501376] INFO perfrun.launcher <> - plugin [cuscol] was disabled because it doesn't support the given collection type.
67 [22936121501376] INFO perfrun.launcher <> - plugin [stdsrc] was disabled because it doesn't support the given collection type.
67 [22936121501376] INFO perfrun.launcher <> - plugin [sep] was disabled because it doesn't support the given collection type.
67 [22936121501376] INFO perfrun.launcher <> - plugin [vtsspp] was disabled because it doesn't support the given collection type.
67 [22936121501376] INFO perfrun.launcher <> - plugin [perf] was disabled because it doesn't support the given collection type.
67 [22936121501376] INFO perfrun.launcher <> - plugin [aoclprofile] was disabled because it doesn't support the given collection type.
67 [22936121501376] INFO perfrun.launcher <> - plugin [tpss] was disabled because it doesn't support the given collection type.
67 [22936121501376] INFO perfrun.launcher <> - plugin [media] was disabled because it doesn't support the given collection type.
67 [22936121501376] INFO perfrun.launcher <> - plugin [] was disabled because it doesn't support the given collection type.
67 [22936121501376] INFO perfrun.launcher <> - plugin [] was disabled because it doesn't support the given collection type.
67 [22936121501376] INFO perfrun.launcher <> - plugin [parallelfs] was disabled because it doesn't support the given collection type.
67 [22936121501376] INFO perfrun.launcher <> - plugin [power] was disabled because it doesn't support the given collection type.
67 [22936121501376] INFO perfrun.launcher <> - plugin [] was disabled because it doesn't support the given collection type.
67 [22936121501376] INFO perfrun.launcher <> - plugin [ipmwatch] was disabled because it doesn't support the given collection type.
67 [22936121501376] INFO perfrun.launcher <> - plugin [os_counters] was disabled because it doesn't support the given collection type.
67 [22936121501376] INFO perfrun.launcher <> - plugin [l0_metrics] was disabled because it doesn't support the given collection type.
67 [22936263633216] INFO perfrun.launcher <> - Application exit code: 0
67 [22936263633216] INFO perfrun.launcher <> - Exit code: 0
