1 [686737536] INFO perfrun.launcher <> - Launcher main begin
9 [686737536] INFO perfrun.launcher <> - MessageCatalogInit finished
9 [686737536] INFO perfrun.launcher <> - Launcher instance created
9 [686737536] INFO perfrun.launcher <> - argc = 6; cmdline = /opt/software/intel/oneapi/vtune/2024.2/bin32/amplxe-runss -dump-vdso -r /tmp/amplxe-tmp-pp24s036/amplxe-res-3181549-9381846710194517 --tmp-dir /tmp/amplxe-tmp-pp24s036 
54 [686737536] INFO perfrun.launcher <> - create msngr2::ICliToolContext
54 [686737536] INFO perfrun.launcher <> - create file finder object
87 [685984576] INFO perfrun.launcher <> - plugin [remoteplug] was disabled because it doesn't support the given collection type.
87 [685984576] INFO perfrun.launcher <> - plugin [] was disabled because it doesn't support the given collection type.
87 [685984576] INFO perfrun.vdso <> - dumping [vdso] pseudomodule
87 [685984576] INFO perfrun.launcher <> - plugin [] was disabled because it doesn't support the given collection type.
87 [685984576] INFO perfrun.launcher <> - plugin [] was disabled because it doesn't support the given collection type.
87 [685984576] INFO perfrun.launcher <> - plugin [] was disabled because it doesn't support the given collection type.
87 [685984576] INFO perfrun.launcher <> - plugin [] was disabled because it doesn't support the given collection type.
87 [685984576] INFO perfrun.launcher <> - plugin [] was disabled because it doesn't support the given collection type.
87 [685984576] INFO perfrun.launcher <> - plugin [] was disabled because it doesn't support the given collection type.
87 [685984576] INFO perfrun.launcher <> - plugin [] was disabled because it doesn't support the given collection type.
87 [685984576] INFO perfrun.launcher <> - plugin [] was disabled because it doesn't support the given collection type.
87 [685984576] INFO perfrun.launcher <> - plugin [] was disabled because it doesn't support the given collection type.
87 [685984576] INFO perfrun.launcher <> - plugin [] was disabled because it doesn't support the given collection type.
87 [685984576] INFO perfrun.launcher <> - plugin [] was disabled because it doesn't support the given collection type.
87 [685984576] INFO perfrun.launcher <> - plugin [] was disabled because it doesn't support the given collection type.
87 [685984576] INFO perfrun.launcher <> - plugin [] was disabled because it doesn't support the given collection type.
87 [685984576] INFO perfrun.launcher <> - plugin [] was disabled because it doesn't support the given collection type.
87 [685984576] INFO perfrun.launcher <> - plugin [] was disabled because it doesn't support the given collection type.
87 [685984576] INFO perfrun.launcher <> - plugin [] was disabled because it doesn't support the given collection type.
87 [685984576] INFO perfrun.launcher <> - plugin [] was disabled because it doesn't support the given collection type.
87 [685984576] INFO perfrun.launcher <> - plugin [] was disabled because it doesn't support the given collection type.
87 [685984576] INFO perfrun.launcher <> - plugin [] was disabled because it doesn't support the given collection type.
87 [685984576] INFO perfrun.launcher <> - plugin [] was disabled because it doesn't support the given collection type.
87 [685984576] INFO perfrun.launcher <> - plugin [] was disabled because it doesn't support the given collection type.
87 [685984576] INFO perfrun.launcher <> - plugin [] was disabled because it doesn't support the given collection type.
87 [685984576] INFO perfrun.launcher <> - plugin [] was disabled because it doesn't support the given collection type.
87 [685984576] INFO perfrun.launcher <> - plugin [] was disabled because it doesn't support the given collection type.
87 [686737536] INFO perfrun.launcher <> - Application exit code: 0
87 [686737536] INFO perfrun.launcher <> - Exit code: 0
